1593182553554	mozrunner::runner	INFO	Running command: "/Applications/Firefox.app/Contents/MacOS/firefox-bin" "-marionette" "-foreground" "-no-remote" "-profile" "/var/folders/hy/6jkjymyd7vs8b_6_c3kdqh5h0000gn/T/rust_mozprofiledMKa5D"
1593182558005	Marionette	INFO	Listening on port 55589
1593182558075	Marionette	WARN	TLS certificate errors will be ignored for this session
1593183972433	mozrunner::runner	INFO	Running command: "/Applications/Firefox.app/Contents/MacOS/firefox-bin" "-marionette" "-foreground" "-no-remote" "-profile" "/var/folders/hy/6jkjymyd7vs8b_6_c3kdqh5h0000gn/T/rust_mozprofilecx6l8B"
1593183975592	Marionette	INFO	Listening on port 55969
1593183975619	Marionette	WARN	TLS certificate errors will be ignored for this session
1593184131262	mozrunner::runner	INFO	Running command: "/Applications/Firefox.app/Contents/MacOS/firefox-bin" "-marionette" "-foreground" "-no-remote" "-profile" "/var/folders/hy/6jkjymyd7vs8b_6_c3kdqh5h0000gn/T/rust_mozprofileEM1UmU"
1593184134344	Marionette	INFO	Listening on port 56083
1593184134433	Marionette	WARN	TLS certificate errors will be ignored for this session
1593186180491	mozrunner::runner	INFO	Running command: "/Applications/Firefox.app/Contents/MacOS/firefox-bin" "-marionette" "-foreground" "-no-remote" "-profile" "/var/folders/hy/6jkjymyd7vs8b_6_c3kdqh5h0000gn/T/rust_mozprofilevz6jJ6"
1593186183840	Marionette	INFO	Listening on port 56445
1593186183898	Marionette	WARN	TLS certificate errors will be ignored for this session
1593186188674	Marionette	INFO	Stopped listening on port 56445
1593186371566	Marionette	INFO	Stopped listening on port 55589
1593186373478	Marionette	INFO	Stopped listening on port 55969
1593186375651	Marionette	INFO	Stopped listening on port 56083
1593187982575	mozrunner::runner	INFO	Running command: "/Applications/Firefox.app/Contents/MacOS/firefox-bin" "-marionette" "-foreground" "-no-remote" "-profile" "/var/folders/hy/6jkjymyd7vs8b_6_c3kdqh5h0000gn/T/rust_mozprofile5fooRk"
1593187986000	Marionette	INFO	Listening on port 56756
1593187986058	Marionette	WARN	TLS certificate errors will be ignored for this session
1593187987259	Marionette	INFO	Stopped listening on port 56756
1593198459465	mozrunner::runner	INFO	Running command: "/Applications/Firefox.app/Contents/MacOS/firefox-bin" "-marionette" "-foreground" "-no-remote" "-profile" "/var/folders/hy/6jkjymyd7vs8b_6_c3kdqh5h0000gn/T/rust_mozprofilefW8mMP"
1593198462951	Marionette	INFO	Listening on port 58217
1593198462995	Marionette	WARN	TLS certificate errors will be ignored for this session
1593198463899	Marionette	INFO	Stopped listening on port 58217
1593200691872	mozrunner::runner	INFO	Running command: "/Applications/Firefox.app/Contents/MacOS/firefox-bin" "-marionette" "-foreground" "-no-remote" "-profile" "/var/folders/hy/6jkjymyd7vs8b_6_c3kdqh5h0000gn/T/rust_mozprofileoxsyDC"
1593200695094	Marionette	INFO	Listening on port 58506
1593200695170	Marionette	WARN	TLS certificate errors will be ignored for this session
1593200695850	Marionette	INFO	Stopped listening on port 58506
1593200927197	mozrunner::runner	INFO	Running command: "/Applications/Firefox.app/Contents/MacOS/firefox-bin" "-marionette" "-foreground" "-no-remote" "-profile" "/var/folders/hy/6jkjymyd7vs8b_6_c3kdqh5h0000gn/T/rust_mozprofile16CqEa"
1593200930750	Marionette	INFO	Listening on port 58628
1593200930775	Marionette	WARN	TLS certificate errors will be ignored for this session
1593200931991	Marionette	INFO	Stopped listening on port 58628
